0 info it worked if it ends with ok
1 verbose cli [ '/usr/bin/node', '/usr/bin/npm', 'install', 'ethereum/web3' ]
2 info using npm@3.5.2
3 info using node@v8.10.0
4 silly loadCurrentTree Starting
5 silly install loadCurrentTree
6 silly install readLocalPackageData
7 silly fetchPackageMetaData ethereum/web3
8 silly fetchOtherPackageData ethereum/web3
9 silly cache add args [ 'ethereum/web3', null ]
10 verbose cache add spec ethereum/web3
11 silly cache add parsed spec Result {
11 silly cache add   raw: 'ethereum/web3',
11 silly cache add   scope: null,
11 silly cache add   name: null,
11 silly cache add   rawSpec: 'ethereum/web3',
11 silly cache add   spec: 'github:ethereum/web3',
11 silly cache add   type: 'hosted',
11 silly cache add   hosted:
11 silly cache add    { type: 'github',
11 silly cache add      ssh: 'git@github.com:ethereum/web3.git',
11 silly cache add      sshUrl: 'git+ssh://git@github.com/ethereum/web3.git',
11 silly cache add      httpsUrl: 'git+https://github.com/ethereum/web3.git',
11 silly cache add      gitUrl: 'git://github.com/ethereum/web3.git',
11 silly cache add      shortcut: 'github:ethereum/web3',
11 silly cache add      directUrl: 'https://raw.githubusercontent.com/ethereum/web3/master/package.json' } }
12 verbose addRemoteGit caching ethereum/web3
13 verbose addRemoteGit ethereum/web3 is a repository hosted by github
14 silly tryGitProto attempting to clone git://github.com/ethereum/web3.git
15 silly tryClone cloning ethereum/web3 via git://github.com/ethereum/web3.git
16 verbose tryClone git-github-com-ethereum-web3-git-08f6ce02 not in flight; caching
17 info git [ 'clone',
17 info git   '--template=/home/acer/.npm/_git-remotes/_templates',
17 info git   '--mirror',
17 info git   'git://github.com/ethereum/web3.git',
17 info git   '/home/acer/.npm/_git-remotes/git-github-com-ethereum-web3-git-08f6ce02' ]
18 verbose git clone --template=/home/acer/.npm/_git-remotes/_templates --mirror git://github.com/ethereum/web3.git /home/acer/.npm/_git-remotes/git-github-com-ethereum-web3-git-08f6ce02: Cloning into bare repository '/home/acer/.npm/_git-remotes/git-github-com-ethereum-web3-git-08f6ce02'...
18 verbose git clone --template=/home/acer/.npm/_git-remotes/_templates --mirror git://github.com/ethereum/web3.git /home/acer/.npm/_git-remotes/git-github-com-ethereum-web3-git-08f6ce02: fatal: remote error:
18 verbose git clone --template=/home/acer/.npm/_git-remotes/_templates --mirror git://github.com/ethereum/web3.git /home/acer/.npm/_git-remotes/git-github-com-ethereum-web3-git-08f6ce02:   Repository not found.
19 silly tryHTTPS attempting to clone git+https://github.com/ethereum/web3.git
20 silly tryClone cloning ethereum/web3 via git+https://github.com/ethereum/web3.git
21 verbose tryClone git-https-github-com-ethereum-web3-git-5e18bc9c not in flight; caching
22 info git [ 'clone',
22 info git   '--template=/home/acer/.npm/_git-remotes/_templates',
22 info git   '--mirror',
22 info git   'https://github.com/ethereum/web3.git',
22 info git   '/home/acer/.npm/_git-remotes/git-https-github-com-ethereum-web3-git-5e18bc9c' ]
23 verbose git clone --template=/home/acer/.npm/_git-remotes/_templates --mirror https://github.com/ethereum/web3.git /home/acer/.npm/_git-remotes/git-https-github-com-ethereum-web3-git-5e18bc9c: Cloning into bare repository '/home/acer/.npm/_git-remotes/git-https-github-com-ethereum-web3-git-5e18bc9c'...
23 verbose git clone --template=/home/acer/.npm/_git-remotes/_templates --mirror https://github.com/ethereum/web3.git /home/acer/.npm/_git-remotes/git-https-github-com-ethereum-web3-git-5e18bc9c: remote: Invalid username or password.
23 verbose git clone --template=/home/acer/.npm/_git-remotes/_templates --mirror https://github.com/ethereum/web3.git /home/acer/.npm/_git-remotes/git-https-github-com-ethereum-web3-git-5e18bc9c: fatal: Authentication failed for 'https://github.com/ethereum/web3.git/'
24 silly trySSH attempting to clone git@github.com:ethereum/web3.git
25 silly tryClone cloning ethereum/web3 via git@github.com:ethereum/web3.git
26 verbose tryClone git-github-com-ethereum-web3-git-6b9002c0 not in flight; caching
27 info git [ 'clone',
27 info git   '--template=/home/acer/.npm/_git-remotes/_templates',
27 info git   '--mirror',
27 info git   'git@github.com:ethereum/web3.git',
27 info git   '/home/acer/.npm/_git-remotes/git-github-com-ethereum-web3-git-6b9002c0' ]
28 error git clone --template=/home/acer/.npm/_git-remotes/_templates --mirror git@github.com:ethereum/web3.git /home/acer/.npm/_git-remotes/git-github-com-ethereum-web3-git-6b9002c0: Cloning into bare repository '/home/acer/.npm/_git-remotes/git-github-com-ethereum-web3-git-6b9002c0'...
28 error git clone --template=/home/acer/.npm/_git-remotes/_templates --mirror git@github.com:ethereum/web3.git /home/acer/.npm/_git-remotes/git-github-com-ethereum-web3-git-6b9002c0: Warning: Permanently added 'github.com,13.229.188.59' (RSA) to the list of known hosts.
28 error git clone --template=/home/acer/.npm/_git-remotes/_templates --mirror git@github.com:ethereum/web3.git /home/acer/.npm/_git-remotes/git-github-com-ethereum-web3-git-6b9002c0: git@github.com: Permission denied (publickey).
28 error git clone --template=/home/acer/.npm/_git-remotes/_templates --mirror git@github.com:ethereum/web3.git /home/acer/.npm/_git-remotes/git-github-com-ethereum-web3-git-6b9002c0: fatal: Could not read from remote repository.
28 error git clone --template=/home/acer/.npm/_git-remotes/_templates --mirror git@github.com:ethereum/web3.git /home/acer/.npm/_git-remotes/git-github-com-ethereum-web3-git-6b9002c0:
28 error git clone --template=/home/acer/.npm/_git-remotes/_templates --mirror git@github.com:ethereum/web3.git /home/acer/.npm/_git-remotes/git-github-com-ethereum-web3-git-6b9002c0: Please make sure you have the correct access rights
28 error git clone --template=/home/acer/.npm/_git-remotes/_templates --mirror git@github.com:ethereum/web3.git /home/acer/.npm/_git-remotes/git-github-com-ethereum-web3-git-6b9002c0: and the repository exists.
29 silly fetchPackageMetaData Error: Command failed: git clone --template=/home/acer/.npm/_git-remotes/_templates --mirror git@github.com:ethereum/web3.git /home/acer/.npm/_git-remotes/git-github-com-ethereum-web3-git-6b9002c0
29 silly fetchPackageMetaData Cloning into bare repository '/home/acer/.npm/_git-remotes/git-github-com-ethereum-web3-git-6b9002c0'...
29 silly fetchPackageMetaData Warning: Permanently added 'github.com,13.229.188.59' (RSA) to the list of known hosts.
29 silly fetchPackageMetaData git@github.com: Permission denied (publickey).
29 silly fetchPackageMetaData fatal: Could not read from remote repository.
29 silly fetchPackageMetaData
29 silly fetchPackageMetaData Please make sure you have the correct access rights
29 silly fetchPackageMetaData and the repository exists.
29 silly fetchPackageMetaData
29 silly fetchPackageMetaData     at ChildProcess.exithandler (child_process.js:275:12)
29 silly fetchPackageMetaData     at emitTwo (events.js:126:13)
29 silly fetchPackageMetaData     at ChildProcess.emit (events.js:214:7)
29 silly fetchPackageMetaData     at maybeClose (internal/child_process.js:925:16)
29 silly fetchPackageMetaData     at Process.ChildProcess._handle.onexit (internal/child_process.js:209:5)
29 silly fetchPackageMetaData  error for ethereum/web3 { Error: Command failed: git clone --template=/home/acer/.npm/_git-remotes/_templates --mirror git@github.com:ethereum/web3.git /home/acer/.npm/_git-remotes/git-github-com-ethereum-web3-git-6b9002c0
29 silly fetchPackageMetaData Cloning into bare repository '/home/acer/.npm/_git-remotes/git-github-com-ethereum-web3-git-6b9002c0'...
29 silly fetchPackageMetaData Warning: Permanently added 'github.com,13.229.188.59' (RSA) to the list of known hosts.
29 silly fetchPackageMetaData git@github.com: Permission denied (publickey).
29 silly fetchPackageMetaData fatal: Could not read from remote repository.
29 silly fetchPackageMetaData
29 silly fetchPackageMetaData Please make sure you have the correct access rights
29 silly fetchPackageMetaData and the repository exists.
29 silly fetchPackageMetaData
29 silly fetchPackageMetaData     at ChildProcess.exithandler (child_process.js:275:12)
29 silly fetchPackageMetaData     at emitTwo (events.js:126:13)
29 silly fetchPackageMetaData     at ChildProcess.emit (events.js:214:7)
29 silly fetchPackageMetaData     at maybeClose (internal/child_process.js:925:16)
29 silly fetchPackageMetaData     at Process.ChildProcess._handle.onexit (internal/child_process.js:209:5)
29 silly fetchPackageMetaData   killed: false,
29 silly fetchPackageMetaData   code: 128,
29 silly fetchPackageMetaData   signal: null,
29 silly fetchPackageMetaData   cmd: 'git clone --template=/home/acer/.npm/_git-remotes/_templates --mirror git@github.com:ethereum/web3.git /home/acer/.npm/_git-remotes/git-github-com-ethereum-web3-git-6b9002c0' }
30 silly rollbackFailedOptional Starting
31 silly rollbackFailedOptional Finishing
32 silly runTopLevelLifecycles Starting
33 silly runTopLevelLifecycles Finishing
34 silly install printInstalled
35 verbose stack Error: Command failed: git clone --template=/home/acer/.npm/_git-remotes/_templates --mirror git@github.com:ethereum/web3.git /home/acer/.npm/_git-remotes/git-github-com-ethereum-web3-git-6b9002c0
35 verbose stack Cloning into bare repository '/home/acer/.npm/_git-remotes/git-github-com-ethereum-web3-git-6b9002c0'...
35 verbose stack Warning: Permanently added 'github.com,13.229.188.59' (RSA) to the list of known hosts.
35 verbose stack git@github.com: Permission denied (publickey).
35 verbose stack fatal: Could not read from remote repository.
35 verbose stack
35 verbose stack Please make sure you have the correct access rights
35 verbose stack and the repository exists.
35 verbose stack
35 verbose stack     at ChildProcess.exithandler (child_process.js:275:12)
35 verbose stack     at emitTwo (events.js:126:13)
35 verbose stack     at ChildProcess.emit (events.js:214:7)
35 verbose stack     at maybeClose (internal/child_process.js:925:16)
35 verbose stack     at Process.ChildProcess._handle.onexit (internal/child_process.js:209:5)
36 verbose cwd /home/acer/Desktop/anybet/code/frontend/anybet
37 error Linux 4.15.0-43-generic
38 error argv "/usr/bin/node" "/usr/bin/npm" "install" "ethereum/web3"
39 error node v8.10.0
40 error npm  v3.5.2
41 error code 128
42 error Command failed: git clone --template=/home/acer/.npm/_git-remotes/_templates --mirror git@github.com:ethereum/web3.git /home/acer/.npm/_git-remotes/git-github-com-ethereum-web3-git-6b9002c0
42 error Cloning into bare repository '/home/acer/.npm/_git-remotes/git-github-com-ethereum-web3-git-6b9002c0'...
42 error Warning: Permanently added 'github.com,13.229.188.59' (RSA) to the list of known hosts.
42 error git@github.com: Permission denied (publickey).
42 error fatal: Could not read from remote repository.
42 error
42 error Please make sure you have the correct access rights
42 error and the repository exists.
43 error If you need help, you may report this error at:
43 error     <https://github.com/npm/npm/issues>
44 verbose exit [ 1, true ]
